2025-05-01 06:20:22,284 [INFO] server listening on [::1]:9999
2025-05-01 06:20:22,284 [INFO] server listening on 127.0.0.1:9999
2025-05-01 06:20:22,412 [INFO] connection open
2025-05-01 06:20:22,412 [INFO] 🌐 WebSocket ready on ws://localhost:9999
2025-05-01 06:20:26,142 [INFO] 👁 Gaze: x=126.2, y=126.2
2025-05-01 06:20:26,149 [INFO] 🔔 Event: 🧠 WebGazer initialized
2025-05-01 06:20:26,214 [INFO] 👁 Gaze: x=196.7, y=196.7
2025-05-01 06:20:26,248 [INFO] 👁 Gaze: x=242.6, y=242.5
2025-05-01 06:20:26,279 [INFO] 👁 Gaze: x=274.6, y=274.3
2025-05-01 06:20:26,308 [INFO] 👁 Gaze: x=297.3, y=296.8
2025-05-01 06:20:26,341 [INFO] 👁 Gaze: x=313.3, y=312.3
2025-05-01 06:20:26,371 [INFO] 👁 Gaze: x=324.2, y=322.0
2025-05-01 06:20:26,417 [INFO] 👁 Gaze: x=331.1, y=327.1
2025-05-01 06:20:26,460 [INFO] 👁 Gaze: x=334.5, y=328.3
2025-05-01 06:20:26,502 [INFO] 👁 Gaze: x=334.9, y=326.1
2025-05-01 06:20:26,543 [INFO] 👁 Gaze: x=332.6, y=320.9
2025-05-01 06:20:26,584 [INFO] 👁 Gaze: x=328.5, y=313.4
2025-05-01 06:20:26,623 [INFO] 👁 Gaze: x=323.1, y=304.1
2025-05-01 06:20:26,663 [INFO] 👁 Gaze: x=316.9, y=293.4
2025-05-01 06:20:26,699 [INFO] 👁 Gaze: x=310.3, y=281.6
2025-05-01 06:20:26,738 [INFO] 👁 Gaze: x=303.8, y=269.2
2025-05-01 06:20:26,779 [INFO] 👁 Gaze: x=297.8, y=256.6
2025-05-01 06:20:26,819 [INFO] 👁 Gaze: x=292.6, y=244.1
2025-05-01 06:20:26,860 [INFO] 👁 Gaze: x=288.0, y=231.9
2025-05-01 06:20:26,901 [INFO] 👁 Gaze: x=284.0, y=220.3
2025-05-01 06:20:26,950 [INFO] 👁 Gaze: x=280.5, y=209.3
2025-05-01 06:20:26,989 [INFO] 👁 Gaze: x=277.1, y=198.9
2025-05-01 06:20:27,027 [INFO] 👁 Gaze: x=273.9, y=189.4
2025-05-01 06:20:27,067 [INFO] 👁 Gaze: x=270.6, y=180.6
2025-05-01 06:20:27,104 [INFO] 👁 Gaze: x=267.0, y=172.6
2025-05-01 06:20:27,143 [INFO] 👁 Gaze: x=263.6, y=165.4
2025-05-01 06:20:27,185 [INFO] 👁 Gaze: x=260.2, y=159.0
2025-05-01 06:20:27,226 [INFO] 👁 Gaze: x=257.1, y=153.4
2025-05-01 06:20:27,278 [INFO] 👁 Gaze: x=254.2, y=148.8
2025-05-01 06:20:27,315 [INFO] 👁 Gaze: x=251.5, y=144.9
2025-05-01 06:20:27,351 [INFO] 👁 Gaze: x=249.1, y=141.8
2025-05-01 06:20:27,391 [INFO] 👁 Gaze: x=246.9, y=139.3
2025-05-01 06:20:27,434 [INFO] 👁 Gaze: x=244.4, y=137.2
2025-05-01 06:20:27,472 [INFO] 👁 Gaze: x=241.7, y=135.3
2025-05-01 06:20:27,508 [INFO] 👁 Gaze: x=239.1, y=133.7
2025-05-01 06:20:27,553 [INFO] 👁 Gaze: x=236.6, y=132.2
2025-05-01 06:20:27,593 [INFO] 👁 Gaze: x=234.1, y=130.8
2025-05-01 06:20:27,633 [INFO] 👁 Gaze: x=231.6, y=129.4
2025-05-01 06:20:27,673 [INFO] 👁 Gaze: x=229.1, y=128.1
2025-05-01 06:20:27,714 [INFO] 👁 Gaze: x=226.8, y=126.7
2025-05-01 06:20:27,755 [INFO] 👁 Gaze: x=224.5, y=125.3
2025-05-01 06:20:27,800 [INFO] 👁 Gaze: x=222.0, y=123.9
2025-05-01 06:20:27,852 [INFO] 👁 Gaze: x=219.3, y=122.4
2025-05-01 06:20:27,889 [INFO] 👁 Gaze: x=216.8, y=121.0
2025-05-01 06:20:27,926 [INFO] 👁 Gaze: x=214.5, y=119.5
2025-05-01 06:20:27,967 [INFO] 👁 Gaze: x=212.8, y=118.2
2025-05-01 06:20:28,006 [INFO] 👁 Gaze: x=211.8, y=117.0
2025-05-01 06:20:28,044 [INFO] 👁 Gaze: x=211.6, y=116.2
2025-05-01 06:20:28,083 [INFO] 👁 Gaze: x=212.2, y=115.5
2025-05-01 06:20:28,120 [INFO] 👁 Gaze: x=213.6, y=115.0
2025-05-01 06:20:28,158 [INFO] 👁 Gaze: x=215.6, y=114.8
2025-05-01 06:20:28,197 [INFO] 👁 Gaze: x=218.1, y=114.7
2025-05-01 06:20:28,236 [INFO] 👁 Gaze: x=221.0, y=114.7
2025-05-01 06:20:28,278 [INFO] 👁 Gaze: x=224.1, y=114.8
2025-05-01 06:20:28,317 [INFO] 👁 Gaze: x=227.2, y=114.8
2025-05-01 06:20:28,359 [INFO] 👁 Gaze: x=230.1, y=114.8
2025-05-01 06:20:28,400 [INFO] 👁 Gaze: x=232.5, y=114.8
2025-05-01 06:20:28,442 [INFO] 👁 Gaze: x=234.0, y=114.6
2025-05-01 06:20:28,483 [INFO] 👁 Gaze: x=234.5, y=114.3
2025-05-01 06:20:28,523 [INFO] 👁 Gaze: x=234.0, y=113.7
2025-05-01 06:20:28,561 [INFO] 👁 Gaze: x=232.5, y=112.9
2025-05-01 06:20:28,601 [INFO] 👁 Gaze: x=229.9, y=112.0
2025-05-01 06:20:28,639 [INFO] 👁 Gaze: x=226.2, y=110.8
2025-05-01 06:20:28,679 [INFO] 👁 Gaze: x=221.7, y=109.5
2025-05-01 06:20:28,717 [INFO] 👁 Gaze: x=216.5, y=108.0
2025-05-01 06:20:28,758 [INFO] 👁 Gaze: x=210.8, y=106.6
2025-05-01 06:20:28,801 [INFO] 👁 Gaze: x=204.7, y=105.0
2025-05-01 06:20:28,844 [INFO] 👁 Gaze: x=198.4, y=103.5
2025-05-01 06:20:28,887 [INFO] 👁 Gaze: x=192.2, y=102.0
2025-05-01 06:20:28,929 [INFO] 👁 Gaze: x=186.0, y=100.6
2025-05-01 06:20:28,971 [INFO] 👁 Gaze: x=179.9, y=99.1
2025-05-01 06:20:29,009 [INFO] 👁 Gaze: x=174.0, y=97.8
2025-05-01 06:20:29,050 [INFO] 👁 Gaze: x=168.2, y=96.4
2025-05-01 06:20:29,093 [INFO] 👁 Gaze: x=162.6, y=95.1
2025-05-01 06:20:29,134 [INFO] 👁 Gaze: x=157.4, y=93.8
2025-05-01 06:20:29,177 [INFO] 👁 Gaze: x=152.7, y=92.6
2025-05-01 06:20:29,218 [INFO] 👁 Gaze: x=148.5, y=91.5
2025-05-01 06:20:29,260 [INFO] 👁 Gaze: x=144.9, y=90.6
2025-05-01 06:20:29,304 [INFO] 👁 Gaze: x=141.8, y=89.8
2025-05-01 06:20:29,346 [INFO] 👁 Gaze: x=139.4, y=89.2
2025-05-01 06:20:29,393 [INFO] 👁 Gaze: x=137.6, y=88.8
2025-05-01 06:20:29,436 [INFO] 👁 Gaze: x=136.5, y=88.5
2025-05-01 06:20:29,480 [INFO] 👁 Gaze: x=136.1, y=88.3
2025-05-01 06:20:29,523 [INFO] 👁 Gaze: x=136.2, y=88.2
2025-05-01 06:20:29,559 [INFO] 👁 Gaze: x=136.6, y=88.1
2025-05-01 06:20:29,600 [INFO] 👁 Gaze: x=137.1, y=88.0
2025-05-01 06:20:29,649 [INFO] 👁 Gaze: x=137.5, y=87.9
2025-05-01 06:20:29,692 [INFO] 👁 Gaze: x=137.8, y=87.7
2025-05-01 06:20:29,734 [INFO] 👁 Gaze: x=137.9, y=87.4
2025-05-01 06:20:29,776 [INFO] 👁 Gaze: x=137.5, y=86.9
2025-05-01 06:20:29,818 [INFO] 👁 Gaze: x=136.8, y=86.3
2025-05-01 06:20:29,856 [INFO] 👁 Gaze: x=135.8, y=85.7
2025-05-01 06:20:29,911 [INFO] 👁 Gaze: x=134.3, y=84.9
2025-05-01 06:20:29,954 [INFO] 👁 Gaze: x=132.6, y=84.1
2025-05-01 06:20:29,994 [INFO] 👁 Gaze: x=130.8, y=83.3
2025-05-01 06:20:30,037 [INFO] 👁 Gaze: x=129.1, y=82.5
2025-05-01 06:20:30,078 [INFO] 👁 Gaze: x=127.8, y=81.9
2025-05-01 06:20:30,117 [INFO] 👁 Gaze: x=126.8, y=81.3
2025-05-01 06:20:30,154 [INFO] 👁 Gaze: x=126.2, y=80.8
2025-05-01 06:20:30,200 [INFO] 👁 Gaze: x=125.7, y=80.3
2025-05-01 06:20:30,244 [INFO] 👁 Gaze: x=125.1, y=79.7
2025-05-01 06:20:30,285 [INFO] 👁 Gaze: x=124.7, y=79.1
2025-05-01 06:20:30,339 [INFO] 👁 Gaze: x=124.2, y=78.5
2025-05-01 06:20:30,383 [INFO] 👁 Gaze: x=123.7, y=78.0
2025-05-01 06:20:30,441 [INFO] 👁 Gaze: x=123.2, y=77.5
2025-05-01 06:20:30,478 [INFO] 👁 Gaze: x=122.7, y=77.0
2025-05-01 06:20:30,518 [INFO] 👁 Gaze: x=122.2, y=76.5
2025-05-01 06:20:30,560 [INFO] 👁 Gaze: x=121.7, y=76.0
2025-05-01 06:20:30,601 [INFO] 👁 Gaze: x=121.3, y=75.5
2025-05-01 06:20:30,639 [INFO] 👁 Gaze: x=121.1, y=75.1
2025-05-01 06:20:30,679 [INFO] 👁 Gaze: x=121.0, y=74.7
2025-05-01 06:20:30,718 [INFO] 👁 Gaze: x=121.0, y=74.3
2025-05-01 06:20:30,760 [INFO] 👁 Gaze: x=121.0, y=74.0
2025-05-01 06:20:30,798 [INFO] 👁 Gaze: x=121.1, y=73.8
2025-05-01 06:20:30,834 [INFO] 👁 Gaze: x=121.3, y=73.7
2025-05-01 06:20:30,878 [INFO] 👁 Gaze: x=121.7, y=73.7
2025-05-01 06:20:30,923 [INFO] 👁 Gaze: x=122.2, y=73.7
2025-05-01 06:20:30,961 [INFO] 👁 Gaze: x=122.5, y=73.8
2025-05-01 06:20:31,001 [INFO] 👁 Gaze: x=122.4, y=73.8
2025-05-01 06:20:31,038 [INFO] 👁 Gaze: x=121.7, y=73.9
2025-05-01 06:20:31,077 [INFO] 👁 Gaze: x=120.2, y=73.9
2025-05-01 06:20:31,116 [INFO] 👁 Gaze: x=117.6, y=73.8
2025-05-01 06:20:31,155 [INFO] 👁 Gaze: x=114.0, y=73.7
2025-05-01 06:20:31,193 [INFO] 👁 Gaze: x=109.7, y=73.7
2025-05-01 06:20:31,232 [INFO] 👁 Gaze: x=105.1, y=73.9
2025-05-01 06:20:31,272 [INFO] 👁 Gaze: x=100.3, y=74.0
2025-05-01 06:20:31,323 [INFO] 👁 Gaze: x=95.4, y=74.1
2025-05-01 06:20:31,369 [INFO] 👁 Gaze: x=90.8, y=74.2
2025-05-01 06:20:31,406 [INFO] 👁 Gaze: x=86.8, y=74.3
2025-05-01 06:20:31,435 [INFO] 👁 Gaze: x=83.3, y=74.4
2025-05-01 06:20:31,470 [INFO] 👁 Gaze: x=80.8, y=74.6
2025-05-01 06:20:31,507 [INFO] 👁 Gaze: x=79.5, y=75.0
2025-05-01 06:20:31,537 [INFO] 👁 Gaze: x=79.1, y=75.4
2025-05-01 06:20:31,582 [INFO] 👁 Gaze: x=79.5, y=75.9
2025-05-01 06:20:31,634 [INFO] 👁 Gaze: x=80.8, y=76.5
2025-05-01 06:20:31,679 [INFO] 👁 Gaze: x=82.5, y=77.1
2025-05-01 06:20:31,734 [INFO] 👁 Gaze: x=84.6, y=77.8
2025-05-01 06:20:31,779 [INFO] 👁 Gaze: x=86.9, y=78.4
2025-05-01 06:20:31,823 [INFO] 👁 Gaze: x=89.1, y=78.9
2025-05-01 06:20:31,870 [INFO] 👁 Gaze: x=91.1, y=79.2
2025-05-01 06:20:31,920 [INFO] 👁 Gaze: x=93.0, y=79.5
2025-05-01 06:20:31,974 [INFO] 👁 Gaze: x=94.8, y=79.6
2025-05-01 06:20:32,018 [INFO] 👁 Gaze: x=96.7, y=79.8
2025-05-01 06:20:32,056 [INFO] 👁 Gaze: x=98.6, y=79.9
2025-05-01 06:20:32,096 [INFO] 👁 Gaze: x=100.7, y=80.0
2025-05-01 06:20:32,139 [INFO] 👁 Gaze: x=103.1, y=80.2
2025-05-01 06:20:32,180 [INFO] 👁 Gaze: x=105.7, y=80.5
2025-05-01 06:20:32,222 [INFO] 👁 Gaze: x=108.5, y=80.7
2025-05-01 06:20:32,264 [INFO] 👁 Gaze: x=111.6, y=81.0
2025-05-01 06:20:32,315 [INFO] 👁 Gaze: x=114.9, y=81.4
2025-05-01 06:20:32,354 [INFO] 👁 Gaze: x=118.1, y=81.7
2025-05-01 06:20:32,395 [INFO] 👁 Gaze: x=121.4, y=82.1
2025-05-01 06:20:32,436 [INFO] 👁 Gaze: x=124.8, y=82.6
2025-05-01 06:20:32,479 [INFO] 👁 Gaze: x=128.1, y=83.1
2025-05-01 06:20:32,521 [INFO] 👁 Gaze: x=131.0, y=83.7
2025-05-01 06:20:32,564 [INFO] 👁 Gaze: x=133.3, y=84.1
2025-05-01 06:20:32,607 [INFO] 👁 Gaze: x=134.7, y=84.3
2025-05-01 06:20:32,648 [INFO] 👁 Gaze: x=135.2, y=84.4
2025-05-01 06:20:32,689 [INFO] 👁 Gaze: x=134.6, y=84.1
2025-05-01 06:20:32,728 [INFO] 👁 Gaze: x=132.8, y=83.5
2025-05-01 06:20:32,773 [INFO] 👁 Gaze: x=129.8, y=82.7
2025-05-01 06:20:32,816 [INFO] 👁 Gaze: x=126.0, y=81.8
2025-05-01 06:20:32,861 [INFO] 👁 Gaze: x=121.9, y=80.7
2025-05-01 06:20:32,906 [INFO] 👁 Gaze: x=117.3, y=79.5
2025-05-01 06:20:32,950 [INFO] 👁 Gaze: x=112.4, y=78.2
2025-05-01 06:20:32,994 [INFO] 👁 Gaze: x=107.2, y=77.0
2025-05-01 06:20:33,038 [INFO] 👁 Gaze: x=101.7, y=75.8
2025-05-01 06:20:33,080 [INFO] 👁 Gaze: x=96.7, y=74.7
2025-05-01 06:20:33,120 [INFO] 👁 Gaze: x=92.6, y=74.0
2025-05-01 06:20:33,162 [INFO] 👁 Gaze: x=89.4, y=73.7
2025-05-01 06:20:33,202 [INFO] 👁 Gaze: x=86.9, y=73.6
2025-05-01 06:20:33,243 [INFO] 👁 Gaze: x=85.2, y=73.8
2025-05-01 06:20:33,284 [INFO] 👁 Gaze: x=84.0, y=74.3
2025-05-01 06:20:33,324 [INFO] 👁 Gaze: x=83.1, y=74.8
2025-05-01 06:20:33,366 [INFO] 👁 Gaze: x=82.4, y=75.4
2025-05-01 06:20:33,411 [INFO] 👁 Gaze: x=81.9, y=76.1
2025-05-01 06:20:33,454 [INFO] 👁 Gaze: x=81.7, y=76.7
2025-05-01 06:20:33,500 [INFO] 👁 Gaze: x=82.3, y=77.6
2025-05-01 06:20:33,547 [INFO] 👁 Gaze: x=83.7, y=78.7
2025-05-01 06:20:33,591 [INFO] 👁 Gaze: x=86.1, y=80.0
2025-05-01 06:20:33,634 [INFO] 👁 Gaze: x=89.3, y=81.4
2025-05-01 06:20:33,685 [INFO] 👁 Gaze: x=93.1, y=82.8
2025-05-01 06:20:33,725 [INFO] 👁 Gaze: x=97.4, y=84.2
2025-05-01 06:20:33,762 [INFO] 👁 Gaze: x=102.2, y=85.5
2025-05-01 06:20:33,802 [INFO] 👁 Gaze: x=107.6, y=86.7
2025-05-01 06:20:33,843 [INFO] 👁 Gaze: x=113.3, y=87.8
2025-05-01 06:20:33,882 [INFO] 👁 Gaze: x=119.5, y=88.8
2025-05-01 06:20:33,922 [INFO] 👁 Gaze: x=126.0, y=89.6
2025-05-01 06:20:33,961 [INFO] 👁 Gaze: x=132.9, y=90.3
2025-05-01 06:20:34,001 [INFO] 👁 Gaze: x=139.9, y=91.0
2025-05-01 06:20:34,040 [INFO] 👁 Gaze: x=146.9, y=91.6
2025-05-01 06:20:34,083 [INFO] 👁 Gaze: x=153.6, y=92.1
2025-05-01 06:20:34,124 [INFO] 👁 Gaze: x=159.9, y=92.4
2025-05-01 06:20:34,164 [INFO] 👁 Gaze: x=166.0, y=92.6
2025-05-01 06:20:34,202 [INFO] 👁 Gaze: x=172.1, y=92.9
2025-05-01 06:20:34,242 [INFO] 👁 Gaze: x=178.4, y=93.5
2025-05-01 06:20:34,282 [INFO] 👁 Gaze: x=184.4, y=94.3
2025-05-01 06:20:34,323 [INFO] 👁 Gaze: x=190.4, y=95.5
2025-05-01 06:20:34,369 [INFO] 👁 Gaze: x=195.8, y=97.0
2025-05-01 06:20:34,411 [INFO] 👁 Gaze: x=200.6, y=98.8
2025-05-01 06:20:34,452 [INFO] 👁 Gaze: x=204.7, y=100.5
2025-05-01 06:20:34,492 [INFO] 👁 Gaze: x=208.1, y=102.2
2025-05-01 06:20:34,532 [INFO] 👁 Gaze: x=210.8, y=103.6
2025-05-01 06:20:34,571 [INFO] 👁 Gaze: x=212.7, y=104.8
2025-05-01 06:20:34,610 [INFO] 👁 Gaze: x=213.8, y=105.7
2025-05-01 06:20:34,655 [INFO] 👁 Gaze: x=213.9, y=106.4
2025-05-01 06:20:34,706 [INFO] 👁 Gaze: x=213.3, y=106.8
2025-05-01 06:20:34,764 [INFO] 👁 Gaze: x=212.3, y=106.8
2025-05-01 06:20:34,809 [INFO] 👁 Gaze: x=212.0, y=106.6
2025-05-01 06:20:34,853 [INFO] 👁 Gaze: x=212.0, y=106.1
2025-05-01 06:20:34,897 [INFO] 👁 Gaze: x=212.3, y=105.4
2025-05-01 06:20:34,937 [INFO] 👁 Gaze: x=213.5, y=104.5
2025-05-01 06:20:34,990 [INFO] 👁 Gaze: x=215.3, y=103.5
2025-05-01 06:20:35,040 [INFO] 👁 Gaze: x=217.5, y=102.5
2025-05-01 06:20:35,082 [INFO] 👁 Gaze: x=219.4, y=101.4
2025-05-01 06:20:35,127 [INFO] 👁 Gaze: x=220.8, y=100.1
2025-05-01 06:20:35,167 [INFO] 👁 Gaze: x=221.4, y=98.9
2025-05-01 06:20:35,218 [INFO] 👁 Gaze: x=221.5, y=97.7
2025-05-01 06:20:35,258 [INFO] 👁 Gaze: x=221.0, y=96.5
2025-05-01 06:20:35,300 [INFO] 👁 Gaze: x=219.9, y=95.3
2025-05-01 06:20:35,342 [INFO] 👁 Gaze: x=218.4, y=94.3
2025-05-01 06:20:35,383 [INFO] 👁 Gaze: x=216.7, y=93.2
2025-05-01 06:20:35,426 [INFO] 👁 Gaze: x=215.0, y=92.2
2025-05-01 06:20:35,467 [INFO] 👁 Gaze: x=213.5, y=91.3
2025-05-01 06:20:35,507 [INFO] 👁 Gaze: x=212.3, y=90.5
2025-05-01 06:20:35,548 [INFO] 👁 Gaze: x=211.4, y=89.8
2025-05-01 06:20:35,589 [INFO] 👁 Gaze: x=211.1, y=89.2
2025-05-01 06:20:35,630 [INFO] 👁 Gaze: x=211.3, y=88.7
2025-05-01 06:20:35,672 [INFO] 👁 Gaze: x=212.0, y=88.3
2025-05-01 06:20:35,711 [INFO] 👁 Gaze: x=213.4, y=88.0
2025-05-01 06:20:35,753 [INFO] 👁 Gaze: x=215.3, y=87.8
2025-05-01 06:20:35,795 [INFO] 👁 Gaze: x=217.6, y=87.7
2025-05-01 06:20:35,839 [INFO] 👁 Gaze: x=220.2, y=87.8
2025-05-01 06:20:35,880 [INFO] 👁 Gaze: x=223.0, y=88.0
2025-05-01 06:20:35,918 [INFO] 👁 Gaze: x=225.8, y=88.5
2025-05-01 06:20:35,965 [INFO] 👁 Gaze: x=228.3, y=89.1
2025-05-01 06:20:36,004 [INFO] 👁 Gaze: x=230.8, y=89.9
2025-05-01 06:20:36,047 [INFO] 👁 Gaze: x=233.2, y=90.8
2025-05-01 06:20:36,087 [INFO] 👁 Gaze: x=235.4, y=91.7
2025-05-01 06:20:36,126 [INFO] 👁 Gaze: x=237.5, y=92.6
2025-05-01 06:20:36,167 [INFO] 👁 Gaze: x=239.5, y=93.5
2025-05-01 06:20:36,209 [INFO] 👁 Gaze: x=241.2, y=94.3
2025-05-01 06:20:36,251 [INFO] 👁 Gaze: x=242.6, y=94.8
2025-05-01 06:20:36,288 [INFO] 👁 Gaze: x=243.5, y=95.2
2025-05-01 06:20:36,328 [INFO] 👁 Gaze: x=243.7, y=95.4
2025-05-01 06:20:36,368 [INFO] 👁 Gaze: x=243.3, y=95.6
2025-05-01 06:20:36,410 [INFO] 👁 Gaze: x=242.1, y=95.6
2025-05-01 06:20:36,455 [INFO] 👁 Gaze: x=240.2, y=95.5
2025-05-01 06:20:36,497 [INFO] 👁 Gaze: x=237.4, y=95.4
2025-05-01 06:20:36,537 [INFO] 👁 Gaze: x=233.8, y=95.1
2025-05-01 06:20:36,578 [INFO] 👁 Gaze: x=229.6, y=94.8
2025-05-01 06:20:36,620 [INFO] 👁 Gaze: x=225.0, y=94.4
2025-05-01 06:20:36,660 [INFO] 👁 Gaze: x=219.9, y=94.0
2025-05-01 06:20:36,704 [INFO] 👁 Gaze: x=215.0, y=93.8
2025-05-01 06:20:36,745 [INFO] 👁 Gaze: x=210.8, y=93.8
2025-05-01 06:20:36,798 [INFO] 👁 Gaze: x=207.3, y=94.3
2025-05-01 06:20:36,840 [INFO] 👁 Gaze: x=204.9, y=95.4
2025-05-01 06:20:36,885 [INFO] 👁 Gaze: x=203.5, y=97.0
2025-05-01 06:20:36,932 [INFO] 👁 Gaze: x=203.1, y=99.1
2025-05-01 06:20:36,982 [INFO] 👁 Gaze: x=204.1, y=101.9
2025-05-01 06:20:37,034 [INFO] 👁 Gaze: x=206.2, y=105.1
2025-05-01 06:20:37,092 [INFO] 👁 Gaze: x=209.0, y=108.6
2025-05-01 06:20:37,142 [INFO] 👁 Gaze: x=212.3, y=112.5
2025-05-01 06:20:37,195 [INFO] 👁 Gaze: x=216.0, y=116.5
2025-05-01 06:20:37,272 [INFO] 👁 Gaze: x=220.2, y=120.5
2025-05-01 06:20:37,327 [INFO] 👁 Gaze: x=224.7, y=124.7
2025-05-01 06:20:37,388 [INFO] 👁 Gaze: x=229.4, y=128.8
2025-05-01 06:20:37,440 [INFO] 👁 Gaze: x=234.1, y=132.8
2025-05-01 06:20:37,492 [INFO] 👁 Gaze: x=239.2, y=136.7
2025-05-01 06:20:37,552 [INFO] 👁 Gaze: x=244.7, y=140.7
2025-05-01 06:20:37,609 [INFO] 👁 Gaze: x=250.5, y=144.8
2025-05-01 06:20:37,610 [INFO] 🔔 Event: 🔁 Mode 1 selected
2025-05-01 06:20:37,662 [INFO] 👁 Gaze: x=256.5, y=148.9
2025-05-01 06:20:37,732 [INFO] 👁 Gaze: x=262.4, y=152.9
2025-05-01 06:20:37,781 [INFO] 👁 Gaze: x=268.3, y=156.7
2025-05-01 06:20:37,833 [INFO] 👁 Gaze: x=274.1, y=160.5
2025-05-01 06:20:37,879 [INFO] 👁 Gaze: x=279.6, y=164.1
2025-05-01 06:20:37,927 [INFO] 👁 Gaze: x=285.1, y=167.6
2025-05-01 06:20:37,973 [INFO] 👁 Gaze: x=290.6, y=171.0
2025-05-01 06:20:38,016 [INFO] 👁 Gaze: x=295.8, y=174.3
2025-05-01 06:20:38,073 [INFO] 👁 Gaze: x=300.7, y=177.4
2025-05-01 06:20:38,118 [INFO] 👁 Gaze: x=305.0, y=180.2
2025-05-01 06:20:38,159 [INFO] 👁 Gaze: x=308.7, y=182.8
2025-05-01 06:20:38,201 [INFO] 👁 Gaze: x=311.9, y=185.3
2025-05-01 06:20:38,246 [INFO] 👁 Gaze: x=314.5, y=187.5
2025-05-01 06:20:38,284 [INFO] 👁 Gaze: x=316.6, y=189.4
2025-05-01 06:20:38,331 [INFO] 👁 Gaze: x=318.1, y=191.0
2025-05-01 06:20:38,371 [INFO] 👁 Gaze: x=319.1, y=192.3
2025-05-01 06:20:38,423 [INFO] 👁 Gaze: x=319.7, y=193.2
2025-05-01 06:20:38,465 [INFO] 👁 Gaze: x=320.0, y=194.0
2025-05-01 06:20:38,506 [INFO] 👁 Gaze: x=320.4, y=194.6
2025-05-01 06:20:38,549 [INFO] 👁 Gaze: x=320.8, y=195.1
2025-05-01 06:20:38,591 [INFO] 👁 Gaze: x=320.9, y=195.3
2025-05-01 06:20:38,635 [INFO] 👁 Gaze: x=320.9, y=195.2
2025-05-01 06:20:38,676 [INFO] 👁 Gaze: x=321.2, y=194.8
2025-05-01 06:20:38,714 [INFO] 👁 Gaze: x=321.6, y=194.2
2025-05-01 06:20:38,753 [INFO] 👁 Gaze: x=322.3, y=193.5
2025-05-01 06:20:38,792 [INFO] 👁 Gaze: x=323.3, y=192.6
2025-05-01 06:20:38,830 [INFO] 👁 Gaze: x=324.6, y=191.6
2025-05-01 06:20:38,868 [INFO] 👁 Gaze: x=326.0, y=190.4
2025-05-01 06:20:38,908 [INFO] 👁 Gaze: x=327.6, y=189.3
2025-05-01 06:20:38,949 [INFO] 👁 Gaze: x=329.0, y=188.1
2025-05-01 06:20:38,990 [INFO] 👁 Gaze: x=330.4, y=186.9
2025-05-01 06:20:39,032 [INFO] 👁 Gaze: x=331.5, y=185.8
2025-05-01 06:20:39,075 [INFO] 👁 Gaze: x=332.3, y=184.6
2025-05-01 06:20:39,115 [INFO] 👁 Gaze: x=332.8, y=183.5
2025-05-01 06:20:39,157 [INFO] 👁 Gaze: x=333.0, y=182.4
2025-05-01 06:20:39,197 [INFO] 👁 Gaze: x=333.0, y=181.5
2025-05-01 06:20:39,238 [INFO] 👁 Gaze: x=332.7, y=180.5
2025-05-01 06:20:39,279 [INFO] 👁 Gaze: x=332.0, y=179.7
2025-05-01 06:20:39,320 [INFO] 👁 Gaze: x=331.0, y=179.0
2025-05-01 06:20:39,371 [INFO] 👁 Gaze: x=329.7, y=178.4
2025-05-01 06:20:39,412 [INFO] 👁 Gaze: x=328.1, y=177.9
2025-05-01 06:20:39,454 [INFO] 👁 Gaze: x=326.2, y=177.5
2025-05-01 06:20:39,495 [INFO] 👁 Gaze: x=324.6, y=177.5
2025-05-01 06:20:39,533 [INFO] 👁 Gaze: x=323.6, y=177.6
2025-05-01 06:20:39,575 [INFO] 👁 Gaze: x=322.9, y=177.9
2025-05-01 06:20:39,629 [INFO] 👁 Gaze: x=322.7, y=178.3
2025-05-01 06:20:39,670 [INFO] 👁 Gaze: x=322.9, y=178.8
2025-05-01 06:20:39,716 [INFO] 👁 Gaze: x=323.5, y=179.5
2025-05-01 06:20:39,757 [INFO] 👁 Gaze: x=324.2, y=180.2
2025-05-01 06:20:39,798 [INFO] 👁 Gaze: x=325.1, y=180.9
2025-05-01 06:20:39,839 [INFO] 👁 Gaze: x=326.1, y=181.5
2025-05-01 06:20:39,879 [INFO] 👁 Gaze: x=326.9, y=182.0
2025-05-01 06:20:39,918 [INFO] 👁 Gaze: x=327.7, y=182.5
2025-05-01 06:20:39,955 [INFO] 👁 Gaze: x=328.6, y=183.0
2025-05-01 06:20:39,996 [INFO] 👁 Gaze: x=329.5, y=183.5
2025-05-01 06:20:40,034 [INFO] 👁 Gaze: x=330.3, y=184.0
2025-05-01 06:20:40,077 [INFO] 👁 Gaze: x=330.7, y=184.3
2025-05-01 06:20:40,119 [INFO] 👁 Gaze: x=331.0, y=184.6
2025-05-01 06:20:40,163 [INFO] 👁 Gaze: x=330.9, y=184.8
2025-05-01 06:20:40,203 [INFO] 👁 Gaze: x=330.4, y=184.8
2025-05-01 06:20:40,244 [INFO] 👁 Gaze: x=329.6, y=184.6
2025-05-01 06:20:40,287 [INFO] 👁 Gaze: x=328.9, y=184.4
2025-05-01 06:20:40,332 [INFO] 👁 Gaze: x=328.3, y=184.1
2025-05-01 06:20:40,372 [INFO] 👁 Gaze: x=327.8, y=183.7
2025-05-01 06:20:40,415 [INFO] 👁 Gaze: x=327.5, y=183.4
2025-05-01 06:20:40,458 [INFO] 👁 Gaze: x=327.2, y=183.0
2025-05-01 06:20:40,502 [INFO] 👁 Gaze: x=327.0, y=182.6
2025-05-01 06:20:40,547 [INFO] 👁 Gaze: x=326.7, y=182.2
2025-05-01 06:20:40,588 [INFO] 👁 Gaze: x=326.3, y=181.8
2025-05-01 06:20:40,634 [INFO] 👁 Gaze: x=325.9, y=181.3
2025-05-01 06:20:40,675 [INFO] 👁 Gaze: x=325.3, y=180.8
2025-05-01 06:20:40,716 [INFO] 👁 Gaze: x=324.4, y=180.3
2025-05-01 06:20:40,760 [INFO] 👁 Gaze: x=323.1, y=179.8
2025-05-01 06:20:40,796 [INFO] 👁 Gaze: x=321.6, y=179.4
2025-05-01 06:20:40,841 [INFO] 👁 Gaze: x=319.7, y=179.0
2025-05-01 06:20:40,880 [INFO] 👁 Gaze: x=317.6, y=178.6
2025-05-01 06:20:40,922 [INFO] 👁 Gaze: x=315.3, y=178.2
2025-05-01 06:20:40,965 [INFO] 👁 Gaze: x=313.0, y=178.0
2025-05-01 06:20:41,009 [INFO] 👁 Gaze: x=311.0, y=177.9
2025-05-01 06:20:41,049 [INFO] 👁 Gaze: x=309.1, y=177.9
2025-05-01 06:20:41,092 [INFO] 👁 Gaze: x=307.3, y=178.0
2025-05-01 06:20:41,135 [INFO] 👁 Gaze: x=305.8, y=178.1
2025-05-01 06:20:41,177 [INFO] 👁 Gaze: x=304.5, y=178.2
2025-05-01 06:20:41,217 [INFO] 👁 Gaze: x=303.6, y=178.3
2025-05-01 06:20:41,259 [INFO] 👁 Gaze: x=302.9, y=178.5
2025-05-01 06:20:41,301 [INFO] 👁 Gaze: x=302.3, y=178.5
2025-05-01 06:20:41,344 [INFO] 👁 Gaze: x=301.8, y=178.5
2025-05-01 06:20:41,389 [INFO] 👁 Gaze: x=301.5, y=178.4
2025-05-01 06:20:41,429 [INFO] 👁 Gaze: x=301.0, y=178.1
2025-05-01 06:20:41,470 [INFO] 👁 Gaze: x=300.4, y=177.6
2025-05-01 06:20:41,512 [INFO] 👁 Gaze: x=299.7, y=176.8
2025-05-01 06:20:41,553 [INFO] 👁 Gaze: x=299.2, y=176.0
2025-05-01 06:20:41,593 [INFO] 👁 Gaze: x=299.2, y=175.3
2025-05-01 06:20:41,640 [INFO] 👁 Gaze: x=300.0, y=174.8
2025-05-01 06:20:41,683 [INFO] 👁 Gaze: x=301.7, y=174.6
2025-05-01 06:20:41,724 [INFO] 👁 Gaze: x=304.0, y=174.6
2025-05-01 06:20:41,764 [INFO] 👁 Gaze: x=306.7, y=174.8
2025-05-01 06:20:41,803 [INFO] 👁 Gaze: x=309.3, y=175.1
2025-05-01 06:20:41,845 [INFO] 👁 Gaze: x=311.9, y=175.3
2025-05-01 06:20:41,887 [INFO] 👁 Gaze: x=314.4, y=175.5
2025-05-01 06:20:41,930 [INFO] 👁 Gaze: x=316.5, y=175.6
2025-05-01 06:20:41,974 [INFO] 👁 Gaze: x=318.3, y=175.7
2025-05-01 06:20:42,015 [INFO] 👁 Gaze: x=319.8, y=175.6
2025-05-01 06:20:42,063 [INFO] 👁 Gaze: x=321.0, y=175.4
2025-05-01 06:20:42,103 [INFO] 👁 Gaze: x=322.0, y=175.2
2025-05-01 06:20:42,144 [INFO] 👁 Gaze: x=323.0, y=174.8
2025-05-01 06:20:42,186 [INFO] 👁 Gaze: x=324.1, y=174.4
2025-05-01 06:20:42,231 [INFO] 👁 Gaze: x=325.0, y=173.9
2025-05-01 06:20:42,275 [INFO] 👁 Gaze: x=325.8, y=173.3
2025-05-01 06:20:42,314 [INFO] 👁 Gaze: x=326.4, y=172.8
2025-05-01 06:20:42,357 [INFO] 👁 Gaze: x=326.8, y=172.2
2025-05-01 06:20:42,411 [INFO] 👁 Gaze: x=326.6, y=171.6
2025-05-01 06:20:42,456 [INFO] 👁 Gaze: x=326.0, y=171.0
2025-05-01 06:20:42,495 [INFO] 👁 Gaze: x=325.0, y=170.2
2025-05-01 06:20:42,533 [INFO] 👁 Gaze: x=323.9, y=169.3
2025-05-01 06:20:42,572 [INFO] 👁 Gaze: x=323.0, y=168.2
2025-05-01 06:20:42,614 [INFO] 👁 Gaze: x=322.5, y=167.1
2025-05-01 06:20:42,656 [INFO] 👁 Gaze: x=322.2, y=165.7
2025-05-01 06:20:42,699 [INFO] 👁 Gaze: x=322.4, y=164.2
2025-05-01 06:20:42,745 [INFO] 👁 Gaze: x=323.0, y=162.7
2025-05-01 06:20:42,791 [INFO] 👁 Gaze: x=323.8, y=161.1
2025-05-01 06:20:42,829 [INFO] 👁 Gaze: x=325.0, y=159.5
2025-05-01 06:20:42,877 [INFO] 👁 Gaze: x=326.5, y=158.0
2025-05-01 06:20:42,916 [INFO] 👁 Gaze: x=328.4, y=156.5
2025-05-01 06:20:42,959 [INFO] 👁 Gaze: x=330.6, y=155.2
2025-05-01 06:20:42,999 [INFO] 👁 Gaze: x=333.2, y=153.9
2025-05-01 06:20:43,040 [INFO] 👁 Gaze: x=336.0, y=152.9
2025-05-01 06:20:43,081 [INFO] 👁 Gaze: x=338.6, y=152.2
2025-05-01 06:20:43,123 [INFO] 👁 Gaze: x=340.8, y=151.7
2025-05-01 06:20:43,166 [INFO] 👁 Gaze: x=342.4, y=151.5
2025-05-01 06:20:43,206 [INFO] 👁 Gaze: x=343.7, y=151.5
2025-05-01 06:20:43,247 [INFO] 👁 Gaze: x=344.9, y=151.9
2025-05-01 06:20:43,289 [INFO] 👁 Gaze: x=346.2, y=152.4
2025-05-01 06:20:43,331 [INFO] 👁 Gaze: x=347.8, y=153.2
2025-05-01 06:20:43,375 [INFO] 👁 Gaze: x=349.8, y=154.2
2025-05-01 06:20:43,432 [INFO] 👁 Gaze: x=352.4, y=155.4
2025-05-01 06:20:43,475 [INFO] 👁 Gaze: x=355.5, y=156.7
2025-05-01 06:20:43,516 [INFO] 👁 Gaze: x=358.8, y=158.2
2025-05-01 06:20:43,556 [INFO] 👁 Gaze: x=362.1, y=159.7
2025-05-01 06:20:43,597 [INFO] 👁 Gaze: x=365.4, y=161.0
2025-05-01 06:20:43,641 [INFO] 👁 Gaze: x=368.5, y=162.3
2025-05-01 06:20:43,683 [INFO] 👁 Gaze: x=371.3, y=163.4
2025-05-01 06:20:43,721 [INFO] 👁 Gaze: x=373.8, y=164.4
2025-05-01 06:20:43,764 [INFO] 👁 Gaze: x=375.9, y=165.3
2025-05-01 06:20:43,821 [INFO] 👁 Gaze: x=377.7, y=165.9
2025-05-01 06:20:43,861 [INFO] 👁 Gaze: x=379.3, y=166.5
2025-05-01 06:20:43,919 [INFO] 👁 Gaze: x=380.4, y=167.1
2025-05-01 06:20:43,958 [INFO] 👁 Gaze: x=381.0, y=167.6
2025-05-01 06:20:43,997 [INFO] 👁 Gaze: x=380.9, y=168.0
2025-05-01 06:20:44,037 [INFO] 👁 Gaze: x=379.3, y=168.0
2025-05-01 06:20:44,077 [INFO] 👁 Gaze: x=376.4, y=167.5
2025-05-01 06:20:44,115 [INFO] 👁 Gaze: x=372.6, y=166.6
2025-05-01 06:20:44,154 [INFO] 👁 Gaze: x=368.6, y=165.5
2025-05-01 06:20:44,191 [INFO] 👁 Gaze: x=364.6, y=164.3
2025-05-01 06:20:44,233 [INFO] 👁 Gaze: x=360.9, y=163.1
2025-05-01 06:20:44,274 [INFO] 👁 Gaze: x=357.6, y=161.9
2025-05-01 06:20:44,319 [INFO] 👁 Gaze: x=355.0, y=160.7
2025-05-01 06:20:44,364 [INFO] 👁 Gaze: x=352.9, y=159.6
2025-05-01 06:20:44,406 [INFO] 👁 Gaze: x=351.5, y=158.6
2025-05-01 06:20:44,447 [INFO] 👁 Gaze: x=350.7, y=157.7
2025-05-01 06:20:44,486 [INFO] 👁 Gaze: x=350.3, y=156.8
2025-05-01 06:20:44,528 [INFO] 👁 Gaze: x=350.3, y=155.9
2025-05-01 06:20:44,569 [INFO] 👁 Gaze: x=350.5, y=155.0
2025-05-01 06:20:44,606 [INFO] 👁 Gaze: x=351.3, y=154.4
2025-05-01 06:20:44,645 [INFO] 👁 Gaze: x=352.3, y=153.7
2025-05-01 06:20:44,684 [INFO] 👁 Gaze: x=353.3, y=153.1
2025-05-01 06:20:44,726 [INFO] 👁 Gaze: x=354.4, y=152.6
2025-05-01 06:20:44,772 [INFO] 👁 Gaze: x=355.1, y=152.1
2025-05-01 06:20:44,815 [INFO] 👁 Gaze: x=355.3, y=151.7
2025-05-01 06:20:44,861 [INFO] 👁 Gaze: x=355.2, y=151.4
2025-05-01 06:20:44,900 [INFO] 👁 Gaze: x=354.9, y=151.3
2025-05-01 06:20:44,944 [INFO] 👁 Gaze: x=354.7, y=151.3
2025-05-01 06:20:44,989 [INFO] 👁 Gaze: x=354.8, y=151.5
2025-05-01 06:20:45,028 [INFO] 👁 Gaze: x=355.1, y=151.8
2025-05-01 06:20:45,068 [INFO] 👁 Gaze: x=355.5, y=152.2
2025-05-01 06:20:45,107 [INFO] 👁 Gaze: x=356.2, y=152.7
2025-05-01 06:20:45,147 [INFO] 👁 Gaze: x=357.2, y=153.1
2025-05-01 06:20:45,191 [INFO] 👁 Gaze: x=358.3, y=153.5
2025-05-01 06:20:45,230 [INFO] 👁 Gaze: x=359.5, y=153.8
2025-05-01 06:20:45,272 [INFO] 👁 Gaze: x=361.0, y=154.1
2025-05-01 06:20:45,315 [INFO] 👁 Gaze: x=362.3, y=154.4
2025-05-01 06:20:45,357 [INFO] 👁 Gaze: x=363.5, y=154.7
2025-05-01 06:20:45,399 [INFO] 👁 Gaze: x=364.6, y=155.0
2025-05-01 06:20:45,437 [INFO] 👁 Gaze: x=365.7, y=155.3
2025-05-01 06:20:45,478 [INFO] 👁 Gaze: x=367.0, y=155.5
2025-05-01 06:20:45,520 [INFO] 👁 Gaze: x=368.5, y=155.8
2025-05-01 06:20:45,558 [INFO] 👁 Gaze: x=370.1, y=156.2
2025-05-01 06:20:45,600 [INFO] 👁 Gaze: x=371.7, y=156.9
2025-05-01 06:20:45,638 [INFO] 👁 Gaze: x=373.1, y=157.9
2025-05-01 06:20:45,682 [INFO] 👁 Gaze: x=374.1, y=159.0
2025-05-01 06:20:45,724 [INFO] 👁 Gaze: x=374.3, y=160.3
2025-05-01 06:20:45,766 [INFO] 👁 Gaze: x=373.9, y=161.5
2025-05-01 06:20:45,807 [INFO] 👁 Gaze: x=373.1, y=162.4
2025-05-01 06:20:45,848 [INFO] 👁 Gaze: x=372.0, y=162.9
2025-05-01 06:20:45,889 [INFO] 👁 Gaze: x=370.4, y=163.0
2025-05-01 06:20:45,931 [INFO] 👁 Gaze: x=368.4, y=162.5
2025-05-01 06:20:45,973 [INFO] 👁 Gaze: x=366.2, y=161.7
2025-05-01 06:20:46,016 [INFO] 👁 Gaze: x=363.9, y=160.4
2025-05-01 06:20:46,058 [INFO] 👁 Gaze: x=361.5, y=158.8
2025-05-01 06:20:46,101 [INFO] 👁 Gaze: x=359.2, y=157.0
2025-05-01 06:20:46,139 [INFO] 👁 Gaze: x=357.0, y=154.8
2025-05-01 06:20:46,181 [INFO] 👁 Gaze: x=354.8, y=152.7
2025-05-01 06:20:46,224 [INFO] 👁 Gaze: x=352.9, y=150.5
2025-05-01 06:20:46,266 [INFO] 👁 Gaze: x=350.9, y=148.5
2025-05-01 06:20:46,307 [INFO] 👁 Gaze: x=349.1, y=146.9
2025-05-01 06:20:46,347 [INFO] 👁 Gaze: x=347.3, y=145.8
2025-05-01 06:20:46,388 [INFO] 👁 Gaze: x=345.7, y=145.1
2025-05-01 06:20:46,430 [INFO] 👁 Gaze: x=344.0, y=144.8
2025-05-01 06:20:46,471 [INFO] 👁 Gaze: x=342.0, y=144.8
2025-05-01 06:20:46,522 [INFO] 👁 Gaze: x=339.7, y=145.0
2025-05-01 06:20:46,561 [INFO] 👁 Gaze: x=337.3, y=145.4
2025-05-01 06:20:46,602 [INFO] 👁 Gaze: x=335.0, y=146.0
2025-05-01 06:20:46,645 [INFO] 👁 Gaze: x=332.7, y=146.7
2025-05-01 06:20:46,684 [INFO] 👁 Gaze: x=330.6, y=147.6
2025-05-01 06:20:46,728 [INFO] 👁 Gaze: x=328.7, y=148.6
2025-05-01 06:20:46,769 [INFO] 👁 Gaze: x=327.2, y=149.6
2025-05-01 06:20:46,810 [INFO] 👁 Gaze: x=326.1, y=150.8
2025-05-01 06:20:46,852 [INFO] 👁 Gaze: x=325.1, y=151.9
2025-05-01 06:20:46,897 [INFO] 👁 Gaze: x=324.4, y=153.1
2025-05-01 06:20:46,942 [INFO] 👁 Gaze: x=324.0, y=154.2
2025-05-01 06:20:46,979 [INFO] 👁 Gaze: x=324.1, y=155.5
2025-05-01 06:20:47,017 [INFO] 👁 Gaze: x=324.9, y=157.0
2025-05-01 06:20:47,063 [INFO] 👁 Gaze: x=326.2, y=158.6
2025-05-01 06:20:47,106 [INFO] 👁 Gaze: x=327.6, y=160.2
2025-05-01 06:20:47,164 [INFO] 👁 Gaze: x=329.1, y=161.5
2025-05-01 06:20:47,202 [INFO] 👁 Gaze: x=330.3, y=162.4
2025-05-01 06:20:47,245 [INFO] 👁 Gaze: x=331.4, y=162.9
2025-05-01 06:20:47,285 [INFO] 👁 Gaze: x=332.3, y=163.0
2025-05-01 06:20:47,328 [INFO] 👁 Gaze: x=332.9, y=162.6
2025-05-01 06:20:47,368 [INFO] 👁 Gaze: x=333.2, y=161.6
2025-05-01 06:20:47,412 [INFO] 👁 Gaze: x=333.4, y=160.1
2025-05-01 06:20:47,460 [INFO] 👁 Gaze: x=333.4, y=158.3
2025-05-01 06:20:47,500 [INFO] 👁 Gaze: x=333.5, y=156.2
2025-05-01 06:20:47,542 [INFO] 👁 Gaze: x=333.7, y=153.9
2025-05-01 06:20:47,589 [INFO] 👁 Gaze: x=333.8, y=151.4
2025-05-01 06:20:47,630 [INFO] 👁 Gaze: x=333.9, y=148.7
2025-05-01 06:20:47,670 [INFO] 👁 Gaze: x=333.8, y=145.9
2025-05-01 06:20:47,718 [INFO] 👁 Gaze: x=333.5, y=142.8
2025-05-01 06:20:47,756 [INFO] 👁 Gaze: x=333.2, y=139.8
2025-05-01 06:20:47,796 [INFO] 👁 Gaze: x=332.8, y=136.8
2025-05-01 06:20:47,836 [INFO] 👁 Gaze: x=332.3, y=133.8
2025-05-01 06:20:47,881 [INFO] 👁 Gaze: x=331.7, y=130.9
2025-05-01 06:20:47,926 [INFO] 👁 Gaze: x=331.0, y=128.1
2025-05-01 06:20:47,967 [INFO] 👁 Gaze: x=330.4, y=125.5
2025-05-01 06:20:48,010 [INFO] 👁 Gaze: x=329.9, y=123.1
2025-05-01 06:20:48,060 [INFO] 👁 Gaze: x=329.6, y=121.0
2025-05-01 06:20:48,106 [INFO] 👁 Gaze: x=329.4, y=119.1
2025-05-01 06:20:48,149 [INFO] 👁 Gaze: x=329.1, y=117.4
2025-05-01 06:20:48,193 [INFO] 👁 Gaze: x=328.9, y=116.0
2025-05-01 06:20:48,238 [INFO] 👁 Gaze: x=328.6, y=114.8
2025-05-01 06:20:48,280 [INFO] 👁 Gaze: x=328.3, y=113.8
2025-05-01 06:20:48,321 [INFO] 👁 Gaze: x=328.3, y=113.0
2025-05-01 06:20:48,362 [INFO] 👁 Gaze: x=328.4, y=112.5
2025-05-01 06:20:48,400 [INFO] 👁 Gaze: x=328.7, y=112.4
2025-05-01 06:20:48,442 [INFO] 👁 Gaze: x=329.1, y=112.6
2025-05-01 06:20:48,480 [INFO] 👁 Gaze: x=329.6, y=113.1
2025-05-01 06:20:48,524 [INFO] 👁 Gaze: x=330.3, y=114.0
2025-05-01 06:20:48,568 [INFO] 👁 Gaze: x=331.2, y=115.2
2025-05-01 06:20:48,611 [INFO] 👁 Gaze: x=332.4, y=116.8
2025-05-01 06:20:48,669 [INFO] 👁 Gaze: x=333.6, y=118.6
2025-05-01 06:20:48,719 [INFO] 👁 Gaze: x=334.9, y=120.7
2025-05-01 06:20:48,761 [INFO] 👁 Gaze: x=336.1, y=123.0
2025-05-01 06:20:48,799 [INFO] 👁 Gaze: x=337.5, y=125.3
2025-05-01 06:20:48,840 [INFO] 👁 Gaze: x=338.7, y=127.5
2025-05-01 06:20:48,882 [INFO] 👁 Gaze: x=340.1, y=129.6
2025-05-01 06:20:48,925 [INFO] 👁 Gaze: x=341.6, y=131.6
2025-05-01 06:20:48,982 [INFO] 👁 Gaze: x=343.2, y=133.3
2025-05-01 06:20:49,022 [INFO] 👁 Gaze: x=345.0, y=135.0
2025-05-01 06:20:49,066 [INFO] 👁 Gaze: x=346.9, y=136.4
2025-05-01 06:20:49,107 [INFO] 👁 Gaze: x=348.9, y=137.8
2025-05-01 06:20:49,147 [INFO] 👁 Gaze: x=350.8, y=139.0
2025-05-01 06:20:49,189 [INFO] 👁 Gaze: x=352.5, y=140.2
2025-05-01 06:20:49,230 [INFO] 👁 Gaze: x=354.0, y=141.3
2025-05-01 06:20:49,270 [INFO] 👁 Gaze: x=355.3, y=142.4
2025-05-01 06:20:49,312 [INFO] 👁 Gaze: x=356.3, y=143.4
2025-05-01 06:20:49,365 [INFO] 👁 Gaze: x=357.1, y=144.4
2025-05-01 06:20:49,409 [INFO] 👁 Gaze: x=357.7, y=145.3
2025-05-01 06:20:49,452 [INFO] 👁 Gaze: x=357.7, y=146.2
2025-05-01 06:20:49,494 [INFO] 👁 Gaze: x=357.4, y=147.2
2025-05-01 06:20:49,533 [INFO] 👁 Gaze: x=356.6, y=148.4
2025-05-01 06:20:49,572 [INFO] 👁 Gaze: x=355.3, y=149.6
2025-05-01 06:20:49,610 [INFO] 👁 Gaze: x=353.5, y=150.9
2025-05-01 06:20:49,652 [INFO] 👁 Gaze: x=351.3, y=152.2
2025-05-01 06:20:49,705 [INFO] 👁 Gaze: x=348.7, y=153.5
2025-05-01 06:20:49,745 [INFO] 👁 Gaze: x=345.7, y=154.7
2025-05-01 06:20:49,787 [INFO] 👁 Gaze: x=342.5, y=155.7
2025-05-01 06:20:49,839 [INFO] 👁 Gaze: x=339.4, y=156.4
2025-05-01 06:20:49,880 [INFO] 👁 Gaze: x=336.2, y=156.7
2025-05-01 06:20:49,921 [INFO] 👁 Gaze: x=333.2, y=156.7
2025-05-01 06:20:49,962 [INFO] 👁 Gaze: x=330.1, y=156.1
2025-05-01 06:20:50,017 [INFO] 👁 Gaze: x=327.1, y=155.0
2025-05-01 06:20:50,067 [INFO] 👁 Gaze: x=324.3, y=153.5
2025-05-01 06:20:50,107 [INFO] 👁 Gaze: x=321.8, y=151.7
2025-05-01 06:20:50,149 [INFO] 👁 Gaze: x=319.7, y=149.6
2025-05-01 06:20:50,194 [INFO] 👁 Gaze: x=317.7, y=147.2
2025-05-01 06:20:50,234 [INFO] 👁 Gaze: x=316.0, y=144.6
2025-05-01 06:20:50,276 [INFO] 👁 Gaze: x=314.6, y=141.9
2025-05-01 06:20:50,319 [INFO] 👁 Gaze: x=313.4, y=139.1
2025-05-01 06:20:50,361 [INFO] 👁 Gaze: x=312.5, y=136.3
2025-05-01 06:20:50,405 [INFO] 👁 Gaze: x=312.1, y=133.6
2025-05-01 06:20:50,450 [INFO] 👁 Gaze: x=312.5, y=131.3
2025-05-01 06:20:50,492 [INFO] 👁 Gaze: x=313.7, y=129.4
2025-05-01 06:20:50,530 [INFO] 👁 Gaze: x=315.4, y=127.8
2025-05-01 06:20:50,567 [INFO] 👁 Gaze: x=317.3, y=126.5
2025-05-01 06:20:50,604 [INFO] 👁 Gaze: x=319.4, y=125.2
2025-05-01 06:20:50,645 [INFO] 👁 Gaze: x=321.3, y=124.3
2025-05-01 06:20:50,688 [INFO] 👁 Gaze: x=322.6, y=123.6
2025-05-01 06:20:50,727 [INFO] 👁 Gaze: x=323.2, y=123.2
2025-05-01 06:20:50,771 [INFO] 👁 Gaze: x=323.0, y=123.0
2025-05-01 06:20:50,814 [INFO] 👁 Gaze: x=322.2, y=123.1
2025-05-01 06:20:50,857 [INFO] 👁 Gaze: x=320.6, y=123.3
2025-05-01 06:20:50,901 [INFO] 👁 Gaze: x=318.3, y=123.7
2025-05-01 06:20:50,947 [INFO] 👁 Gaze: x=315.3, y=124.1
2025-05-01 06:20:50,988 [INFO] 👁 Gaze: x=311.8, y=124.5
2025-05-01 06:20:51,028 [INFO] 👁 Gaze: x=308.0, y=124.9
2025-05-01 06:20:51,072 [INFO] 👁 Gaze: x=304.1, y=125.3
2025-05-01 06:20:51,111 [INFO] 👁 Gaze: x=300.2, y=125.4
2025-05-01 06:20:51,160 [INFO] 👁 Gaze: x=296.4, y=125.2
2025-05-01 06:20:51,202 [INFO] 👁 Gaze: x=293.2, y=124.9
2025-05-01 06:20:51,245 [INFO] 👁 Gaze: x=290.4, y=124.5
2025-05-01 06:20:51,282 [INFO] 👁 Gaze: x=288.0, y=124.1
2025-05-01 06:20:51,321 [INFO] 👁 Gaze: x=286.0, y=123.7
2025-05-01 06:20:51,363 [INFO] 👁 Gaze: x=284.5, y=123.6
2025-05-01 06:20:51,402 [INFO] 👁 Gaze: x=283.5, y=123.7
2025-05-01 06:20:51,441 [INFO] 👁 Gaze: x=283.2, y=124.0
2025-05-01 06:20:51,480 [INFO] 👁 Gaze: x=284.0, y=124.6
2025-05-01 06:20:51,540 [INFO] 👁 Gaze: x=285.7, y=125.5
2025-05-01 06:20:51,589 [INFO] 👁 Gaze: x=288.1, y=126.3
2025-05-01 06:20:51,632 [INFO] 👁 Gaze: x=290.5, y=127.1
2025-05-01 06:20:51,671 [INFO] 👁 Gaze: x=293.3, y=127.9
2025-05-01 06:20:51,714 [INFO] 👁 Gaze: x=295.9, y=128.7
2025-05-01 06:20:51,755 [INFO] 👁 Gaze: x=297.8, y=129.4
2025-05-01 06:20:51,799 [INFO] 👁 Gaze: x=298.8, y=130.0
2025-05-01 06:20:51,840 [INFO] 👁 Gaze: x=298.8, y=130.7
2025-05-01 06:20:51,878 [INFO] 👁 Gaze: x=298.1, y=131.4
2025-05-01 06:20:51,929 [INFO] 👁 Gaze: x=296.8, y=131.9
2025-05-01 06:20:51,967 [INFO] 👁 Gaze: x=294.5, y=132.1
2025-05-01 06:20:52,012 [INFO] 👁 Gaze: x=291.4, y=132.0
2025-05-01 06:20:52,052 [INFO] 👁 Gaze: x=287.5, y=131.6
2025-05-01 06:20:52,095 [INFO] 👁 Gaze: x=282.6, y=130.7
2025-05-01 06:20:52,134 [INFO] 👁 Gaze: x=277.0, y=129.5
2025-05-01 06:20:52,173 [INFO] 👁 Gaze: x=270.9, y=128.0
2025-05-01 06:20:52,213 [INFO] 👁 Gaze: x=264.4, y=126.3
2025-05-01 06:20:52,258 [INFO] 👁 Gaze: x=257.6, y=124.4
2025-05-01 06:20:52,298 [INFO] 👁 Gaze: x=250.5, y=122.1
2025-05-01 06:20:52,337 [INFO] 👁 Gaze: x=243.1, y=119.8
2025-05-01 06:20:52,378 [INFO] 👁 Gaze: x=235.5, y=117.2
2025-05-01 06:20:52,416 [INFO] 👁 Gaze: x=227.9, y=114.6
2025-05-01 06:20:52,454 [INFO] 👁 Gaze: x=220.0, y=111.8
2025-05-01 06:20:52,492 [INFO] 👁 Gaze: x=212.1, y=108.9
2025-05-01 06:20:52,533 [INFO] 👁 Gaze: x=204.1, y=105.9
2025-05-01 06:20:52,577 [INFO] 👁 Gaze: x=196.0, y=102.8
2025-05-01 06:20:52,619 [INFO] 👁 Gaze: x=187.9, y=99.7
2025-05-01 06:20:52,660 [INFO] 👁 Gaze: x=180.0, y=96.7
2025-05-01 06:20:52,699 [INFO] 👁 Gaze: x=172.6, y=93.9
2025-05-01 06:20:52,740 [INFO] 👁 Gaze: x=165.6, y=91.3
2025-05-01 06:20:52,784 [INFO] 👁 Gaze: x=158.8, y=88.9
2025-05-01 06:20:52,827 [INFO] 👁 Gaze: x=152.2, y=86.5
2025-05-01 06:20:52,868 [INFO] 👁 Gaze: x=145.9, y=84.3
2025-05-01 06:20:52,911 [INFO] 👁 Gaze: x=140.4, y=82.4
2025-05-01 06:20:52,950 [INFO] 👁 Gaze: x=136.1, y=80.8
2025-05-01 06:20:52,996 [INFO] 👁 Gaze: x=133.2, y=79.7
2025-05-01 06:20:53,013 [INFO] connection closed
2025-05-01 06:20:53,269 [INFO] connection open
2025-05-01 06:20:53,269 [INFO] 🌐 WebSocket ready on ws://localhost:9999
2025-05-01 06:20:54,792 [INFO] 👁 Gaze: x=144.4, y=96.0
2025-05-01 06:20:54,793 [INFO] 🔔 Event: 🧠 WebGazer initialized
2025-05-01 06:20:54,827 [INFO] 👁 Gaze: x=162.5, y=118.7
2025-05-01 06:20:54,855 [INFO] 👁 Gaze: x=182.9, y=143.0
2025-05-01 06:20:54,882 [INFO] 👁 Gaze: x=203.5, y=166.9
2025-05-01 06:20:54,909 [INFO] 👁 Gaze: x=223.2, y=189.1
2025-05-01 06:20:54,934 [INFO] 👁 Gaze: x=241.5, y=208.7
2025-05-01 06:20:54,962 [INFO] 👁 Gaze: x=257.9, y=225.2
2025-05-01 06:20:55,004 [INFO] 👁 Gaze: x=272.4, y=238.3
2025-05-01 06:20:55,049 [INFO] 👁 Gaze: x=284.9, y=247.9
2025-05-01 06:20:55,096 [INFO] 👁 Gaze: x=295.5, y=254.2
2025-05-01 06:20:55,145 [INFO] 👁 Gaze: x=304.3, y=257.6
2025-05-01 06:20:55,189 [INFO] 👁 Gaze: x=311.6, y=258.4
2025-05-01 06:20:55,232 [INFO] 👁 Gaze: x=318.0, y=257.4
2025-05-01 06:20:55,276 [INFO] 👁 Gaze: x=324.1, y=255.3
2025-05-01 06:20:55,328 [INFO] 👁 Gaze: x=329.6, y=252.4
2025-05-01 06:20:55,374 [INFO] 👁 Gaze: x=334.5, y=248.7
2025-05-01 06:20:55,423 [INFO] 👁 Gaze: x=339.1, y=244.6
2025-05-01 06:20:55,471 [INFO] 👁 Gaze: x=343.8, y=240.4
2025-05-01 06:20:55,519 [INFO] 👁 Gaze: x=348.9, y=236.3
2025-05-01 06:20:55,567 [INFO] 👁 Gaze: x=354.4, y=232.7
2025-05-01 06:20:55,611 [INFO] 👁 Gaze: x=360.4, y=229.6
2025-05-01 06:20:55,664 [INFO] 👁 Gaze: x=366.7, y=227.1
2025-05-01 06:20:55,711 [INFO] 👁 Gaze: x=373.1, y=225.1
2025-05-01 06:20:55,761 [INFO] 👁 Gaze: x=379.5, y=223.7
2025-05-01 06:20:55,809 [INFO] 👁 Gaze: x=386.1, y=222.8
2025-05-01 06:20:55,856 [INFO] 👁 Gaze: x=392.6, y=222.1
2025-05-01 06:20:55,901 [INFO] 👁 Gaze: x=399.2, y=221.7
2025-05-01 06:20:55,947 [INFO] 👁 Gaze: x=405.9, y=221.6
2025-05-01 06:20:56,004 [INFO] 👁 Gaze: x=412.5, y=221.8
2025-05-01 06:20:56,051 [INFO] 👁 Gaze: x=418.8, y=222.1
2025-05-01 06:20:56,092 [INFO] 🔔 Event: 🔁 Mode 2 selected
2025-05-01 06:20:56,122 [INFO] 👁 Gaze: x=424.9, y=222.4
2025-05-01 06:20:56,168 [INFO] 👁 Gaze: x=430.6, y=222.8
2025-05-01 06:20:56,213 [INFO] 👁 Gaze: x=435.8, y=223.1
2025-05-01 06:20:56,263 [INFO] 👁 Gaze: x=440.3, y=223.2
2025-05-01 06:20:56,307 [INFO] 👁 Gaze: x=444.0, y=223.1
2025-05-01 06:20:56,350 [INFO] 👁 Gaze: x=447.3, y=222.8
2025-05-01 06:20:56,393 [INFO] 👁 Gaze: x=450.0, y=222.4
2025-05-01 06:20:56,439 [INFO] 👁 Gaze: x=452.2, y=222.0
2025-05-01 06:20:56,485 [INFO] 👁 Gaze: x=454.2, y=221.5
2025-05-01 06:20:56,531 [INFO] 👁 Gaze: x=455.9, y=221.1
2025-05-01 06:20:56,577 [INFO] 👁 Gaze: x=457.6, y=221.0
2025-05-01 06:20:56,623 [INFO] 👁 Gaze: x=459.5, y=221.1
2025-05-01 06:20:56,667 [INFO] 👁 Gaze: x=461.6, y=221.8
2025-05-01 06:20:56,709 [INFO] 👁 Gaze: x=464.1, y=223.1
2025-05-01 06:20:56,754 [INFO] 👁 Gaze: x=466.4, y=224.9
2025-05-01 06:20:56,798 [INFO] 👁 Gaze: x=468.7, y=227.1
2025-05-01 06:20:56,839 [INFO] 👁 Gaze: x=470.7, y=229.5
2025-05-01 06:20:56,881 [INFO] 👁 Gaze: x=472.6, y=232.0
2025-05-01 06:20:56,924 [INFO] 👁 Gaze: x=474.3, y=234.6
2025-05-01 06:20:56,968 [INFO] 👁 Gaze: x=476.1, y=237.4
2025-05-01 06:20:57,011 [INFO] 👁 Gaze: x=477.9, y=240.2
2025-05-01 06:20:57,053 [INFO] 👁 Gaze: x=479.9, y=243.1
2025-05-01 06:20:57,095 [INFO] 👁 Gaze: x=481.6, y=245.8
2025-05-01 06:20:57,139 [INFO] 👁 Gaze: x=482.9, y=248.2
2025-05-01 06:20:57,183 [INFO] 👁 Gaze: x=483.4, y=250.2
2025-05-01 06:20:57,228 [INFO] 👁 Gaze: x=482.9, y=251.6
2025-05-01 06:20:57,274 [INFO] 👁 Gaze: x=481.1, y=252.3
2025-05-01 06:20:57,315 [INFO] 👁 Gaze: x=477.9, y=252.4
2025-05-01 06:20:57,356 [INFO] 👁 Gaze: x=473.1, y=251.9
2025-05-01 06:20:57,399 [INFO] 👁 Gaze: x=467.0, y=250.7
2025-05-01 06:20:57,457 [INFO] 👁 Gaze: x=459.5, y=248.7
2025-05-01 06:20:57,513 [INFO] 👁 Gaze: x=450.7, y=246.1
2025-05-01 06:20:57,554 [INFO] 👁 Gaze: x=441.1, y=243.0
2025-05-01 06:20:57,596 [INFO] 👁 Gaze: x=431.2, y=239.5
2025-05-01 06:20:57,636 [INFO] 👁 Gaze: x=421.2, y=236.0
2025-05-01 06:20:57,679 [INFO] 👁 Gaze: x=411.3, y=232.2
2025-05-01 06:20:57,721 [INFO] 👁 Gaze: x=401.4, y=228.4
2025-05-01 06:20:57,765 [INFO] 👁 Gaze: x=391.5, y=224.5
2025-05-01 06:20:57,809 [INFO] 👁 Gaze: x=382.3, y=220.7
2025-05-01 06:20:57,861 [INFO] 👁 Gaze: x=373.9, y=217.1
2025-05-01 06:20:57,905 [INFO] 👁 Gaze: x=366.5, y=213.7
2025-05-01 06:20:57,948 [INFO] 👁 Gaze: x=360.3, y=210.3
2025-05-01 06:20:57,990 [INFO] 👁 Gaze: x=355.1, y=207.0
2025-05-01 06:20:58,029 [INFO] 👁 Gaze: x=351.1, y=203.8
2025-05-01 06:20:58,076 [INFO] 👁 Gaze: x=348.1, y=200.8
2025-05-01 06:20:58,121 [INFO] 👁 Gaze: x=345.9, y=197.8
2025-05-01 06:20:58,165 [INFO] 👁 Gaze: x=344.3, y=194.8
2025-05-01 06:20:58,210 [INFO] 👁 Gaze: x=343.2, y=192.1
2025-05-01 06:20:58,254 [INFO] 👁 Gaze: x=342.5, y=189.5
2025-05-01 06:20:58,299 [INFO] 👁 Gaze: x=342.3, y=187.0
2025-05-01 06:20:58,344 [INFO] 👁 Gaze: x=342.3, y=184.5
2025-05-01 06:20:58,385 [INFO] 👁 Gaze: x=342.5, y=182.1
2025-05-01 06:20:58,433 [INFO] 👁 Gaze: x=342.9, y=179.6
2025-05-01 06:20:58,472 [INFO] 👁 Gaze: x=343.5, y=177.3
2025-05-01 06:20:58,506 [INFO] 👁 Gaze: x=344.3, y=175.0
2025-05-01 06:20:58,541 [INFO] 👁 Gaze: x=345.2, y=172.9
2025-05-01 06:20:58,580 [INFO] 👁 Gaze: x=346.4, y=171.3
2025-05-01 06:20:58,609 [INFO] 👁 Gaze: x=348.0, y=170.3
2025-05-01 06:20:58,637 [INFO] 👁 Gaze: x=350.1, y=170.0
2025-05-01 06:20:58,663 [INFO] 👁 Gaze: x=352.8, y=170.3
2025-05-01 06:20:58,690 [INFO] 👁 Gaze: x=356.1, y=171.1
2025-05-01 06:20:58,747 [INFO] 👁 Gaze: x=359.7, y=172.3
2025-05-01 06:20:58,789 [INFO] 👁 Gaze: x=363.2, y=173.6
2025-05-01 06:20:58,846 [INFO] 👁 Gaze: x=366.3, y=174.9
2025-05-01 06:20:58,893 [INFO] 👁 Gaze: x=368.7, y=176.1
2025-05-01 06:20:58,937 [INFO] 👁 Gaze: x=370.3, y=177.1
2025-05-01 06:20:58,982 [INFO] 👁 Gaze: x=370.8, y=178.0
2025-05-01 06:20:59,032 [INFO] 👁 Gaze: x=370.3, y=178.6
2025-05-01 06:20:59,076 [INFO] 👁 Gaze: x=368.6, y=178.7
2025-05-01 06:20:59,124 [INFO] 👁 Gaze: x=365.9, y=178.5
2025-05-01 06:20:59,172 [INFO] 👁 Gaze: x=362.3, y=178.0
2025-05-01 06:20:59,218 [INFO] 👁 Gaze: x=358.1, y=177.3
2025-05-01 06:20:59,264 [INFO] 👁 Gaze: x=353.3, y=176.2
2025-05-01 06:20:59,311 [INFO] 👁 Gaze: x=348.0, y=174.9
2025-05-01 06:20:59,357 [INFO] 👁 Gaze: x=342.4, y=173.5
2025-05-01 06:20:59,412 [INFO] 👁 Gaze: x=336.5, y=171.9
2025-05-01 06:20:59,455 [INFO] 👁 Gaze: x=330.7, y=170.5
2025-05-01 06:20:59,496 [INFO] 👁 Gaze: x=325.2, y=169.4
2025-05-01 06:20:59,538 [INFO] 👁 Gaze: x=319.8, y=168.6
2025-05-01 06:20:59,579 [INFO] 👁 Gaze: x=314.6, y=168.1
2025-05-01 06:20:59,621 [INFO] 👁 Gaze: x=309.9, y=167.8
2025-05-01 06:20:59,665 [INFO] 👁 Gaze: x=305.5, y=167.8
2025-05-01 06:20:59,709 [INFO] 👁 Gaze: x=301.5, y=167.9
2025-05-01 06:20:59,754 [INFO] 👁 Gaze: x=297.8, y=168.2
2025-05-01 06:20:59,799 [INFO] 👁 Gaze: x=294.5, y=168.7
2025-05-01 06:20:59,847 [INFO] 👁 Gaze: x=291.6, y=169.4
2025-05-01 06:20:59,890 [INFO] 👁 Gaze: x=289.1, y=170.3
2025-05-01 06:20:59,946 [INFO] 👁 Gaze: x=287.4, y=171.3
2025-05-01 06:21:00,000 [INFO] 👁 Gaze: x=286.8, y=172.6
2025-05-01 06:21:00,021 [INFO] connection closed
2025-05-01 06:21:00,288 [INFO] connection open
2025-05-01 06:21:00,288 [INFO] 🌐 WebSocket ready on ws://localhost:9999
2025-05-01 06:21:01,304 [INFO] 🔔 Event: 🔁 Mode 3 selected
2025-05-01 06:21:01,698 [INFO] 👁 Gaze: x=283.4, y=180.0
2025-05-01 06:21:01,699 [INFO] 🔔 Event: 🧠 WebGazer initialized
2025-05-01 06:21:01,739 [INFO] 👁 Gaze: x=288.4, y=194.8
2025-05-01 06:21:01,780 [INFO] 👁 Gaze: x=296.8, y=211.9
2025-05-01 06:21:01,838 [INFO] 👁 Gaze: x=306.8, y=229.4
2025-05-01 06:21:01,882 [INFO] 👁 Gaze: x=317.2, y=246.1
2025-05-01 06:21:01,926 [INFO] 👁 Gaze: x=327.8, y=261.3
2025-05-01 06:21:01,976 [INFO] 👁 Gaze: x=338.2, y=274.5
2025-05-01 06:21:02,021 [INFO] 👁 Gaze: x=348.6, y=285.7
2025-05-01 06:21:02,065 [INFO] 👁 Gaze: x=359.2, y=294.7
2025-05-01 06:21:02,113 [INFO] 👁 Gaze: x=369.9, y=301.9
2025-05-01 06:21:02,154 [INFO] 👁 Gaze: x=380.6, y=307.2
2025-05-01 06:21:02,195 [INFO] 👁 Gaze: x=391.2, y=310.8
2025-05-01 06:21:02,240 [INFO] 👁 Gaze: x=401.5, y=312.9
2025-05-01 06:21:02,282 [INFO] 👁 Gaze: x=411.5, y=313.7
2025-05-01 06:21:02,324 [INFO] 👁 Gaze: x=421.3, y=313.7
2025-05-01 06:21:02,367 [INFO] 👁 Gaze: x=430.6, y=313.1
2025-05-01 06:21:02,412 [INFO] 👁 Gaze: x=439.3, y=311.9
2025-05-01 06:21:02,455 [INFO] 👁 Gaze: x=447.1, y=310.1
2025-05-01 06:21:02,497 [INFO] 👁 Gaze: x=454.0, y=307.8
2025-05-01 06:21:02,540 [INFO] 👁 Gaze: x=460.0, y=305.1
2025-05-01 06:21:02,583 [INFO] 👁 Gaze: x=464.9, y=302.0
2025-05-01 06:21:02,626 [INFO] 👁 Gaze: x=468.8, y=298.7
2025-05-01 06:21:02,667 [INFO] 👁 Gaze: x=472.1, y=295.3
2025-05-01 06:21:02,709 [INFO] 👁 Gaze: x=474.8, y=291.8
2025-05-01 06:21:02,758 [INFO] 👁 Gaze: x=477.2, y=288.3
2025-05-01 06:21:02,801 [INFO] 👁 Gaze: x=479.6, y=284.8
2025-05-01 06:21:02,843 [INFO] 👁 Gaze: x=482.0, y=281.5
2025-05-01 06:21:02,884 [INFO] 👁 Gaze: x=484.4, y=278.3
2025-05-01 06:21:02,925 [INFO] 👁 Gaze: x=486.8, y=275.2
2025-05-01 06:21:02,967 [INFO] 👁 Gaze: x=489.0, y=272.3
2025-05-01 06:21:03,009 [INFO] 👁 Gaze: x=491.1, y=269.5
2025-05-01 06:21:03,055 [INFO] 👁 Gaze: x=493.2, y=266.8
2025-05-01 06:21:03,098 [INFO] 👁 Gaze: x=495.6, y=264.5
2025-05-01 06:21:03,141 [INFO] 👁 Gaze: x=498.2, y=262.5
2025-05-01 06:21:03,184 [INFO] 👁 Gaze: x=500.6, y=260.6
2025-05-01 06:21:03,229 [INFO] 👁 Gaze: x=502.9, y=258.9
2025-05-01 06:21:03,274 [INFO] 👁 Gaze: x=504.8, y=257.2
2025-05-01 06:21:03,317 [INFO] 👁 Gaze: x=506.4, y=255.6
2025-05-01 06:21:03,360 [INFO] 👁 Gaze: x=507.7, y=254.1
2025-05-01 06:21:03,402 [INFO] 👁 Gaze: x=508.9, y=252.6
2025-05-01 06:21:03,445 [INFO] 👁 Gaze: x=509.6, y=251.2
2025-05-01 06:21:03,488 [INFO] 👁 Gaze: x=510.0, y=249.5
2025-05-01 06:21:03,529 [INFO] 👁 Gaze: x=510.1, y=247.6
2025-05-01 06:21:03,574 [INFO] 👁 Gaze: x=509.5, y=245.3
2025-05-01 06:21:03,618 [INFO] 👁 Gaze: x=508.3, y=242.6
2025-05-01 06:21:03,659 [INFO] 👁 Gaze: x=506.7, y=239.8
2025-05-01 06:21:03,702 [INFO] 👁 Gaze: x=504.1, y=236.8
2025-05-01 06:21:03,745 [INFO] 👁 Gaze: x=500.8, y=233.6
2025-05-01 06:21:03,786 [INFO] 👁 Gaze: x=496.6, y=230.5
2025-05-01 06:21:03,826 [INFO] 👁 Gaze: x=491.8, y=227.3
2025-05-01 06:21:03,876 [INFO] 👁 Gaze: x=486.5, y=224.0
2025-05-01 06:21:03,917 [INFO] 👁 Gaze: x=481.0, y=220.8
2025-05-01 06:21:03,959 [INFO] 👁 Gaze: x=475.1, y=217.5
2025-05-01 06:21:04,001 [INFO] 👁 Gaze: x=469.2, y=214.2
2025-05-01 06:21:04,058 [INFO] 👁 Gaze: x=463.4, y=211.0
2025-05-01 06:21:04,102 [INFO] 👁 Gaze: x=458.2, y=208.3
2025-05-01 06:21:04,145 [INFO] 👁 Gaze: x=454.0, y=206.3
2025-05-01 06:21:04,185 [INFO] 👁 Gaze: x=450.8, y=205.0
2025-05-01 06:21:04,228 [INFO] 👁 Gaze: x=448.6, y=204.3
2025-05-01 06:21:04,268 [INFO] 👁 Gaze: x=447.3, y=204.2
2025-05-01 06:21:04,309 [INFO] 👁 Gaze: x=446.8, y=204.7
2025-05-01 06:21:04,360 [INFO] 👁 Gaze: x=447.1, y=205.5
2025-05-01 06:21:04,406 [INFO] 👁 Gaze: x=447.9, y=206.7
2025-05-01 06:21:04,449 [INFO] 👁 Gaze: x=449.3, y=208.2
2025-05-01 06:21:04,490 [INFO] 👁 Gaze: x=451.3, y=209.9
2025-05-01 06:21:04,530 [INFO] 👁 Gaze: x=453.9, y=211.9
2025-05-01 06:21:04,575 [INFO] 👁 Gaze: x=456.8, y=214.2
2025-05-01 06:21:04,616 [INFO] 👁 Gaze: x=460.3, y=216.8
2025-05-01 06:21:04,658 [INFO] 👁 Gaze: x=464.4, y=219.7
2025-05-01 06:21:04,702 [INFO] 👁 Gaze: x=468.7, y=222.8
2025-05-01 06:21:04,743 [INFO] 👁 Gaze: x=473.0, y=225.9
2025-05-01 06:21:04,785 [INFO] 👁 Gaze: x=477.2, y=228.9
2025-05-01 06:21:04,825 [INFO] 👁 Gaze: x=481.2, y=231.8
2025-05-01 06:21:04,871 [INFO] 👁 Gaze: x=485.0, y=234.6
2025-05-01 06:21:04,928 [INFO] 👁 Gaze: x=488.9, y=237.5
2025-05-01 06:21:04,970 [INFO] 👁 Gaze: x=492.6, y=240.3
2025-05-01 06:21:05,015 [INFO] 👁 Gaze: x=496.2, y=243.0
2025-05-01 06:21:05,057 [INFO] 👁 Gaze: x=499.5, y=245.7
2025-05-01 06:21:05,100 [INFO] 👁 Gaze: x=502.4, y=248.2
2025-05-01 06:21:05,144 [INFO] 👁 Gaze: x=504.9, y=250.5
2025-05-01 06:21:05,190 [INFO] 👁 Gaze: x=507.0, y=252.5
2025-05-01 06:21:05,237 [INFO] 👁 Gaze: x=508.7, y=254.1
2025-05-01 06:21:05,279 [INFO] 👁 Gaze: x=509.8, y=255.3
2025-05-01 06:21:05,310 [INFO] 👁 Gaze: x=510.4, y=256.0
2025-05-01 06:21:05,348 [INFO] 👁 Gaze: x=510.2, y=256.2
2025-05-01 06:21:05,378 [INFO] 👁 Gaze: x=509.1, y=255.6
2025-05-01 06:21:05,440 [INFO] 👁 Gaze: x=507.1, y=254.3
2025-05-01 06:21:05,476 [INFO] 👁 Gaze: x=504.0, y=252.2
2025-05-01 06:21:05,510 [INFO] 👁 Gaze: x=500.1, y=249.4
2025-05-01 06:21:05,553 [INFO] 👁 Gaze: x=495.0, y=245.9
2025-05-01 06:21:05,585 [INFO] 👁 Gaze: x=489.2, y=241.7
2025-05-01 06:21:05,611 [INFO] 👁 Gaze: x=482.8, y=237.1
2025-05-01 06:21:05,653 [INFO] 👁 Gaze: x=476.0, y=232.2
2025-05-01 06:21:05,696 [INFO] 👁 Gaze: x=469.3, y=227.5
2025-05-01 06:21:05,742 [INFO] 👁 Gaze: x=463.0, y=223.1
2025-05-01 06:21:05,785 [INFO] 👁 Gaze: x=457.2, y=219.1
2025-05-01 06:21:05,830 [INFO] 👁 Gaze: x=452.3, y=215.8
2025-05-01 06:21:05,874 [INFO] 👁 Gaze: x=448.3, y=213.3
2025-05-01 06:21:05,919 [INFO] 👁 Gaze: x=445.5, y=211.6
2025-05-01 06:21:05,965 [INFO] 👁 Gaze: x=443.9, y=211.0
2025-05-01 06:21:06,010 [INFO] 👁 Gaze: x=443.9, y=211.2
2025-05-01 06:21:06,054 [INFO] 👁 Gaze: x=445.3, y=212.5
2025-05-01 06:21:06,106 [INFO] 👁 Gaze: x=448.0, y=214.4
2025-05-01 06:21:06,150 [INFO] 👁 Gaze: x=451.7, y=217.0
2025-05-01 06:21:06,192 [INFO] 👁 Gaze: x=456.1, y=220.0
2025-05-01 06:21:06,233 [INFO] 👁 Gaze: x=460.9, y=223.1
2025-05-01 06:21:06,280 [INFO] 👁 Gaze: x=465.9, y=226.1
2025-05-01 06:21:06,325 [INFO] 👁 Gaze: x=471.2, y=229.3
2025-05-01 06:21:06,367 [INFO] 👁 Gaze: x=476.3, y=232.5
2025-05-01 06:21:06,409 [INFO] 👁 Gaze: x=480.8, y=235.4
2025-05-01 06:21:06,454 [INFO] 👁 Gaze: x=483.9, y=237.8
2025-05-01 06:21:06,498 [INFO] 👁 Gaze: x=485.4, y=239.6
2025-05-01 06:21:06,541 [INFO] 👁 Gaze: x=485.1, y=240.7
2025-05-01 06:21:06,588 [INFO] 👁 Gaze: x=483.1, y=241.2
2025-05-01 06:21:06,631 [INFO] 👁 Gaze: x=479.6, y=241.0
2025-05-01 06:21:06,677 [INFO] 👁 Gaze: x=474.9, y=240.2
2025-05-01 06:21:06,721 [INFO] 👁 Gaze: x=469.1, y=238.7
2025-05-01 06:21:06,764 [INFO] 👁 Gaze: x=462.4, y=236.8
2025-05-01 06:21:06,806 [INFO] 👁 Gaze: x=455.2, y=234.6
2025-05-01 06:21:06,852 [INFO] 👁 Gaze: x=447.7, y=232.2
2025-05-01 06:21:06,897 [INFO] 👁 Gaze: x=440.0, y=229.6
2025-05-01 06:21:06,940 [INFO] 👁 Gaze: x=432.0, y=226.9
2025-05-01 06:21:06,986 [INFO] 👁 Gaze: x=423.9, y=224.2
2025-05-01 06:21:07,032 [INFO] 👁 Gaze: x=415.8, y=221.4
2025-05-01 06:21:07,073 [INFO] connection closed
